# JRE version: Java(TM) SE Runtime Environment (19.0.2+7) (build 19.0.2+7-44)
# Java VM: Java HotSpot(TM) 64-Bit Server VM (19.0.2+7-44, mixed mode, emulated-client, sharing, tiered, compressed oops, compressed class ptrs, g1 gc, windows-amd64)
GC Precious Log:
 CardTable entry size: 512
 Card Set container configuration: InlinePtr #cards 5 size 8 Array Of Cards #cards 12 size 40 Howl #buckets 4 coarsen threshold 1843 Howl Bitmap #cards 512 size 80 coarsen threshold 460 Card regions per heap region 1 cards per card region 2048
 CPUs: 4 total, 4 available
 Memory: 8089M
 Large Page Support: Disabled
 NUMA Support: Disabled
 Compressed Oops: Enabled (32-bit)
 Heap Region Size: 1M
 Heap Min Capacity: 8M
 Heap Initial Capacity: 128M
 Heap Max Capacity: 2024M
 Pre-touch: Disabled
 Parallel Workers: 4
 Concurrent Workers: 1
 Concurrent Refinement Workers: 4
 Periodic GC: Disabled
Heap:
 garbage-first heap   total 131072K, used 38489K [0x0000000081800000, 0x0000000100000000)
  region size 1024K, 34 young (34816K), 4 survivors (4096K)
 Metaspace       used 19771K, committed 20160K, reserved 1114112K
  class space    used 2604K, committed 2816K, reserved 1048576K
GC Heap History (6 events):
Event: 6.828 GC heap before
{Heap before GC invocations=0 (full 0):
 garbage-first heap   total 131072K, used 13312K [0x0000000081800000, 0x0000000100000000)
  region size 1024K, 13 young (13312K), 0 survivors (0K)
 Metaspace       used 4762K, committed 4928K, reserved 1114112K
  class space    used 548K, committed 640K, reserved 1048576K
}
Event: 6.980 GC heap after
{Heap after GC invocations=1 (full 0):
 garbage-first heap   total 131072K, used 6448K [0x0000000081800000, 0x0000000100000000)
  region size 1024K, 2 young (2048K), 2 survivors (2048K)
 Metaspace       used 4762K, committed 4928K, reserved 1114112K
  class space    used 548K, committed 640K, reserved 1048576K
}
Event: 16.385 GC heap before
{Heap before GC invocations=1 (full 0):
 garbage-first heap   total 131072K, used 17712K [0x0000000081800000, 0x0000000100000000)
  region size 1024K, 14 young (14336K), 2 survivors (2048K)
 Metaspace       used 8157K, committed 8448K, reserved 1114112K
  class space    used 1006K, committed 1152K, reserved 1048576K
}
Event: 16.391 GC heap after
{Heap after GC invocations=2 (full 0):
 garbage-first heap   total 131072K, used 8291K [0x0000000081800000, 0x0000000100000000)
  region size 1024K, 2 young (2048K), 2 survivors (2048K)
 Metaspace       used 8157K, committed 8448K, reserved 1114112K
  class space    used 1006K, committed 1152K, reserved 1048576K
}
Event: 25.862 GC heap before
{Heap before GC invocations=2 (full 0):
 garbage-first heap   total 131072K, used 33891K [0x0000000081800000, 0x0000000100000000)
  region size 1024K, 28 young (28672K), 2 survivors (2048K)
 Metaspace       used 13295K, committed 13632K, reserved 1114112K
  class space    used 1754K, committed 1920K, reserved 1048576K
}
Event: 25.869 GC heap after
{Heap after GC invocations=3 (full 0):
 garbage-first heap   total 131072K, used 9817K [0x0000000081800000, 0x0000000100000000)
  region size 1024K, 4 young (4096K), 4 survivors (4096K)
 Metaspace       used 13295K, committed 13632K, reserved 1114112K
  class space    used 1754K, committed 1920K, reserved 1048576K
}

